build/app/intermediates/manifest_merge_blame_file/release/manifest-merger-blame-release-report.txt
1<?xml version="1.0" encoding="utf-8"?>
2<manifest xmlns:android="http://schemas.android.com/apk/res/android"
3    package="com.example.E_HandyHelp"
4    android:versionCode="1"
5    android:versionName="1.0" >
6
7    <uses-sdk
8        android:minSdkVersion="21"
8-->src\main\AndroidManifest.xml
9        android:targetSdkVersion="34" />
9-->src\main\AndroidManifest.xml
10
11    <uses-permission android:name="android.permission.INTERNET" />
11-->src\main\AndroidManifest.xml:36:5-66
11-->src\main\AndroidManifest.xml:36:22-64
12
13    <permission
13-->[androidx.core:core:1.13.1] AndroidManifest.xml:22:5-24:47
14        android:name="com.example.E_HandyHelp.DYNAMIC_RECEIVER_NOT_EXPORTED_PERMISSION"
14-->[androidx.core:core:1.13.1] AndroidManifest.xml:23:9-81
15        android:protectionLevel="signature" />
15-->[androidx.core:core:1.13.1] AndroidManifest.xml:24:9-44
16
17    <uses-permission android:name="com.example.E_HandyHelp.DYNAMIC_RECEIVER_NOT_EXPORTED_PERMISSION" />
17-->[androidx.core:core:1.13.1] AndroidManifest.xml:26:5-97
17-->[androidx.core:core:1.13.1] AndroidManifest.xml:26:22-94
18
19    <application
20        android:name="android.app.Application"
20-->src\main\AndroidManifest.xml:4:9-42
21        android:appComponentFactory="androidx.core.app.CoreComponentFactory"
21-->[androidx.core:core:1.13.1] AndroidManifest.xml:28:18-86
22        android:enableOnBackInvokedCallback="true"
22-->src\main\AndroidManifest.xml:6:9-51
23        android:icon="@mipmap/ic_launcher"
23-->src\main\AndroidManifest.xml:5:9-43
24        android:label="E-HandyHelp" >
24-->src\main\AndroidManifest.xml:3:9-36
25        <activity
25-->src\main\AndroidManifest.xml:8:9-29:20
26            android:name="com.example.E_HandyHelp.MainActivity"
26-->src\main\AndroidManifest.xml:9:13-41
27            android:configChanges="orientation|keyboardHidden|keyboard|screenSize|smallestScreenSize|locale|layoutDirection|fontScale|screenLayout|density|uiMode"
27-->src\main\AndroidManifest.xml:13:13-163
28            android:exported="true"
28-->src\main\AndroidManifest.xml:10:13-36
29            android:hardwareAccelerated="true"
29-->src\main\AndroidManifest.xml:14:13-47
30            android:launchMode="singleTop"
30-->src\main\AndroidManifest.xml:11:13-43
31            android:theme="@style/LaunchTheme"
31-->src\main\AndroidManifest.xml:12:13-47
32            android:windowSoftInputMode="adjustResize" >
32-->src\main\AndroidManifest.xml:16:13-55
33
34            <!--
35                 Specifies an Android theme to apply to this Activity as soon as
36                 the Android process has started. This theme is visible to the user
37                 while the Flutter UI initializes. After that, this theme continues
38                 to determine the Window background behind the Flutter UI.
39            -->
40            <meta-data
40-->src\main\AndroidManifest.xml:21:13-24:17
41                android:name="io.flutter.embedding.android.NormalTheme"
41-->src\main\AndroidManifest.xml:22:15-70
42                android:resource="@style/NormalTheme" />
42-->src\main\AndroidManifest.xml:23:15-52
43
44            <intent-filter>
44-->src\main\AndroidManifest.xml:25:13-28:29
45                <action android:name="android.intent.action.MAIN" />
45-->src\main\AndroidManifest.xml:26:17-68
45-->src\main\AndroidManifest.xml:26:25-66
46
47                <category android:name="android.intent.category.LAUNCHER" />
47-->src\main\AndroidManifest.xml:27:17-76
47-->src\main\AndroidManifest.xml:27:27-74
48            </intent-filter>
49        </activity>
50        <!--
51             Don't delete the meta-data below.
52             This is used by the Flutter tool to generate GeneratedPluginRegistrant.java
53        -->
54        <meta-data
54-->src\main\AndroidManifest.xml:32:9-34:33
55            android:name="flutterEmbedding"
55-->src\main\AndroidManifest.xml:33:13-44
56            android:value="2" />
56-->src\main\AndroidManifest.xml:34:13-30
57
58        <provider
58-->[:image_picker_android] AndroidManifest.xml:11:9-19:20
59            android:name="io.flutter.plugins.imagepicker.ImagePickerFileProvider"
59-->[:image_picker_android] AndroidManifest.xml:12:13-82
60            android:authorities="com.example.E_HandyHelp.flutter.image_provider"
60-->[:image_picker_android] AndroidManifest.xml:13:13-74
61            android:exported="false"
61-->[:image_picker_android] AndroidManifest.xml:14:13-37
62            android:grantUriPermissions="true" >
62-->[:image_picker_android] AndroidManifest.xml:15:13-47
63            <meta-data
63-->[:image_picker_android] AndroidManifest.xml:16:13-18:75
64                android:name="android.support.FILE_PROVIDER_PATHS"
64-->[:image_picker_android] AndroidManifest.xml:17:17-67
65                android:resource="@xml/flutter_image_picker_file_paths" />
65-->[:image_picker_android] AndroidManifest.xml:18:17-72
66        </provider> <!-- Trigger Google Play services to install the backported photo picker module. -->
67        <service
67-->[:image_picker_android] AndroidManifest.xml:21:9-33:19
68            android:name="com.google.android.gms.metadata.ModuleDependencies"
68-->[:image_picker_android] AndroidManifest.xml:22:13-78
69            android:enabled="false"
69-->[:image_picker_android] AndroidManifest.xml:23:13-36
70            android:exported="false" >
70-->[:image_picker_android] AndroidManifest.xml:24:13-37
71            <intent-filter>
71-->[:image_picker_android] AndroidManifest.xml:26:13-28:29
72                <action android:name="com.google.android.gms.metadata.MODULE_DEPENDENCIES" />
72-->[:image_picker_android] AndroidManifest.xml:27:17-94
72-->[:image_picker_android] AndroidManifest.xml:27:25-91
73            </intent-filter>
74
75            <meta-data
75-->[:image_picker_android] AndroidManifest.xml:30:13-32:36
76                android:name="photopicker_activity:0:required"
76-->[:image_picker_android] AndroidManifest.xml:31:17-63
77                android:value="" />
77-->[:image_picker_android] AndroidManifest.xml:32:17-33
78        </service>
79
80        <uses-library
80-->[androidx.window:window:1.2.0] AndroidManifest.xml:23:9-25:40
81            android:name="androidx.window.extensions"
81-->[androidx.window:window:1.2.0] AndroidManifest.xml:24:13-54
82            android:required="false" />
82-->[androidx.window:window:1.2.0] AndroidManifest.xml:25:13-37
83        <uses-library
83-->[androidx.window:window:1.2.0] AndroidManifest.xml:26:9-28:40
84            android:name="androidx.window.sidecar"
84-->[androidx.window:window:1.2.0] AndroidManifest.xml:27:13-51
85            android:required="false" />
85-->[androidx.window:window:1.2.0] AndroidManifest.xml:28:13-37
86
87        <provider
87-->[androidx.lifecycle:lifecycle-process:2.7.0] AndroidManifest.xml:24:9-32:20
88            android:name="androidx.startup.InitializationProvider"
88-->[androidx.lifecycle:lifecycle-process:2.7.0] AndroidManifest.xml:25:13-67
89            android:authorities="com.example.E_HandyHelp.androidx-startup"
89-->[androidx.lifecycle:lifecycle-process:2.7.0] AndroidManifest.xml:26:13-68
90            android:exported="false" >
90-->[androidx.lifecycle:lifecycle-process:2.7.0] AndroidManifest.xml:27:13-37
91            <meta-data
91-->[androidx.lifecycle:lifecycle-process:2.7.0] AndroidManifest.xml:29:13-31:52
92                android:name="androidx.lifecycle.ProcessLifecycleInitializer"
92-->[androidx.lifecycle:lifecycle-process:2.7.0] AndroidManifest.xml:30:17-78
93                android:value="androidx.startup" />
93-->[androidx.lifecycle:lifecycle-process:2.7.0] AndroidManifest.xml:31:17-49
94            <meta-data
94-->[androidx.profileinstaller:profileinstaller:1.3.1] AndroidManifest.xml:29:13-31:52
95                android:name="androidx.profileinstaller.ProfileInstallerInitializer"
95-->[androidx.profileinstaller:profileinstaller:1.3.1] AndroidManifest.xml:30:17-85
96                android:value="androidx.startup" />
96-->[androidx.profileinstaller:profileinstaller:1.3.1] AndroidManifest.xml:31:17-49
97        </provider>
98
99        <receiver
99-->[androidx.profileinstaller:profileinstaller:1.3.1] AndroidManifest.xml:34:9-52:20
100            android:name="androidx.profileinstaller.ProfileInstallReceiver"
100-->[androidx.profileinstaller:profileinstaller:1.3.1] AndroidManifest.xml:35:13-76
101            android:directBootAware="false"
101-->[androidx.profileinstaller:profileinstaller:1.3.1] AndroidManifest.xml:36:13-44
102            android:enabled="true"
102-->[androidx.profileinstaller:profileinstaller:1.3.1] AndroidManifest.xml:37:13-35
103            android:exported="true"
103-->[androidx.profileinstaller:profileinstaller:1.3.1] AndroidManifest.xml:38:13-36
104            android:permission="android.permission.DUMP" >
104-->[androidx.profileinstaller:profileinstaller:1.3.1] AndroidManifest.xml:39:13-57
105            <intent-filter>
105-->[androidx.profileinstaller:profileinstaller:1.3.1] AndroidManifest.xml:40:13-42:29
106                <action android:name="androidx.profileinstaller.action.INSTALL_PROFILE" />
106-->[androidx.profileinstaller:profileinstaller:1.3.1] AndroidManifest.xml:41:17-91
106-->[androidx.profileinstaller:profileinstaller:1.3.1] AndroidManifest.xml:41:25-88
107            </intent-filter>
108            <intent-filter>
108-->[androidx.profileinstaller:profileinstaller:1.3.1] AndroidManifest.xml:43:13-45:29
109                <action android:name="androidx.profileinstaller.action.SKIP_FILE" />
109-->[androidx.profileinstaller:profileinstaller:1.3.1] AndroidManifest.xml:44:17-85
109-->[androidx.profileinstaller:profileinstaller:1.3.1] AndroidManifest.xml:44:25-82
110            </intent-filter>
111            <intent-filter>
111-->[androidx.profileinstaller:profileinstaller:1.3.1] AndroidManifest.xml:46:13-48:29
112                <action android:name="androidx.profileinstaller.action.SAVE_PROFILE" />
112-->[androidx.profileinstaller:profileinstaller:1.3.1] AndroidManifest.xml:47:17-88
112-->[androidx.profileinstaller:profileinstaller:1.3.1] AndroidManifest.xml:47:25-85
113            </intent-filter>
114            <intent-filter>
114-->[androidx.profileinstaller:profileinstaller:1.3.1] AndroidManifest.xml:49:13-51:29
115                <action android:name="androidx.profileinstaller.action.BENCHMARK_OPERATION" />
115-->[androidx.profileinstaller:profileinstaller:1.3.1] AndroidManifest.xml:50:17-95
115-->[androidx.profileinstaller:profileinstaller:1.3.1] AndroidManifest.xml:50:25-92
116            </intent-filter>
117        </receiver>
118    </application>
119
120</manifest>